<?xml version="1.0" encoding="UTF-8"?>
<!-- Generated by org.testng.reporters.JUnitXMLReporter -->
<testsuite hostname="Mihails-MacBook-Pro.local" ignored="0" name="/Users/mihailhariton/IdeaProjects/testng_second_project_5" tests="5" failures="0" timestamp="2023-01-28T00:00:52 CST" time="196.317" errors="0">
  <testcase name="validateMainMenuOptions" time="2.446" classname="scripts.UnitedBasePageTest"/>
  <testcase name="validateBookTravelMenuNavigationItems" time="0.652" classname="scripts.UnitedBasePageTest"/>
  <testcase name="validateRadioButtons" time="5.617" classname="scripts.UnitedBasePageTest"/>
  <testcase name="validateBookWithMilesAndFlexibleDatesCheckboxes" time="6.337" classname="scripts.UnitedBasePageTest"/>
  <testcase name="validateOneWayTicketSearchResults" time="16.5" classname="scripts.UnitedBasePageTest"/>
</testsuite> <!-- /Users/mihailhariton/IdeaProjects/testng_second_project_5 -->
